2025-02-03 11:41:21,585 - INFO - Fetched public IP: 197.83.246.130
2025-02-03 11:41:22,150 - INFO - {
    "result": null,
    "success": false,
    "errors": [
        {
            "code": 7003,
            "message": "Could not route to /client/v4/zones/None/dns_records/None, perhaps your object identifier is invalid?"
        }
    ],
    "messages": []
}
2025-02-03 11:41:22,151 - ERROR - Failed to update DNS record: {'result': None, 'success': False, 'errors': [{'code': 7003, 'message': 'Could not route to /client/v4/zones/None/dns_records/None, perhaps your object identifier is invalid?'}], 'messages': []}
2025-02-03 11:41:25,245 - DEBUG - Starting new HTTPS connection (1): ifconfig.me:443
2025-02-03 11:41:25,591 - DEBUG - https://ifconfig.me:443 "GET / HTTP/11" 200 14
2025-02-03 11:41:25,591 - INFO - Fetched public IP: 197.83.246.130
2025-02-03 11:41:25,592 - DEBUG - Starting new HTTPS connection (1): api.cloudflare.com:443
2025-02-03 11:41:26,110 - DEBUG - https://api.cloudflare.com:443 "PUT /client/v4/zones/None/dns_records/None HTTP/11" 404 None
2025-02-03 11:41:26,111 - INFO - {
    "result": null,
    "success": false,
    "errors": [
        {
            "code": 7003,
            "message": "Could not route to /client/v4/zones/None/dns_records/None, perhaps your object identifier is invalid?"
        }
    ],
    "messages": []
}
2025-02-03 11:41:26,111 - ERROR - Failed to update DNS record: {'result': None, 'success': False, 'errors': [{'code': 7003, 'message': 'Could not route to /client/v4/zones/None/dns_records/None, perhaps your object identifier is invalid?'}], 'messages': []}
2025-02-03 11:42:17,149 - DEBUG - Starting new HTTPS connection (1): ifconfig.me:443
2025-02-03 11:42:17,519 - DEBUG - https://ifconfig.me:443 "GET / HTTP/11" 200 14
2025-02-03 11:42:17,519 - DEBUG - Will try and update cloudflare with local route to net 197.83.246.130
2025-02-03 11:42:17,519 - INFO - Fetched public IP: 197.83.246.130
2025-02-03 11:42:17,520 - DEBUG - Starting new HTTPS connection (1): api.cloudflare.com:443
2025-02-03 11:42:18,048 - DEBUG - https://api.cloudflare.com:443 "PUT /client/v4/zones/None/dns_records/None HTTP/11" 404 None
2025-02-03 11:42:18,053 - INFO - {
    "result": null,
    "success": false,
    "errors": [
        {
            "code": 7003,
            "message": "Could not route to /client/v4/zones/None/dns_records/None, perhaps your object identifier is invalid?"
        }
    ],
    "messages": []
}
2025-02-03 11:42:18,053 - ERROR - Failed to update DNS record: {'result': None, 'success': False, 'errors': [{'code': 7003, 'message': 'Could not route to /client/v4/zones/None/dns_records/None, perhaps your object identifier is invalid?'}], 'messages': []}
2025-02-03 11:43:48,996 - DEBUG - Starting new HTTPS connection (1): ifconfig.me:443
2025-02-03 11:43:49,361 - DEBUG - https://ifconfig.me:443 "GET / HTTP/11" 200 14
2025-02-03 11:43:49,363 - DEBUG - Will try and update cloudflare with local route to net 197.83.246.130
2025-02-03 11:43:49,363 - INFO - Fetched public IP: 197.83.246.130
2025-02-03 11:43:49,368 - DEBUG - Starting new HTTPS connection (1): api.cloudflare.com:443
2025-02-03 11:43:49,877 - DEBUG - https://api.cloudflare.com:443 "PUT /client/v4/zones/None/dns_records/None HTTP/11" 404 None
2025-02-03 11:43:49,882 - INFO - {
    "result": null,
    "success": false,
    "errors": [
        {
            "code": 7003,
            "message": "Could not route to /client/v4/zones/None/dns_records/None, perhaps your object identifier is invalid?"
        }
    ],
    "messages": []
}
2025-02-03 11:43:49,883 - ERROR - Failed to update DNS record: {'result': None, 'success': False, 'errors': [{'code': 7003, 'message': 'Could not route to /client/v4/zones/None/dns_records/None, perhaps your object identifier is invalid?'}], 'messages': []}
2025-02-03 11:44:02,513 - DEBUG - Starting new HTTPS connection (1): ifconfig.me:443
2025-02-03 11:44:02,891 - DEBUG - https://ifconfig.me:443 "GET / HTTP/11" 200 14
2025-02-03 11:44:02,893 - DEBUG - Will try and update cloudflare with local route to net 197.83.246.130
2025-02-03 11:44:02,894 - INFO - Fetched public IP: 197.83.246.130
2025-02-03 11:44:02,898 - DEBUG - Starting new HTTPS connection (1): api.cloudflare.com:443
2025-02-03 11:44:03,029 - DEBUG - https://api.cloudflare.com:443 "PUT /client/v4/zones/None/dns_records/None HTTP/11" 404 None
2025-02-03 11:44:03,033 - INFO - {
    "result": null,
    "success": false,
    "errors": [
        {
            "code": 7003,
            "message": "Could not route to /client/v4/zones/None/dns_records/None, perhaps your object identifier is invalid?"
        }
    ],
    "messages": []
}
2025-02-03 11:44:03,034 - ERROR - Failed to update DNS record: {'result': None, 'success': False, 'errors': [{'code': 7003, 'message': 'Could not route to /client/v4/zones/None/dns_records/None, perhaps your object identifier is invalid?'}], 'messages': []}
2025-02-03 11:45:25,610 - DEBUG - Starting new HTTPS connection (1): ifconfig.me:443
2025-02-03 11:45:25,960 - DEBUG - https://ifconfig.me:443 "GET / HTTP/11" 200 14
2025-02-03 11:45:25,962 - DEBUG - Will try and update cloudflare with local route to net 197.83.246.130
2025-02-03 11:45:25,962 - INFO - Fetched public IP: 197.83.246.130
2025-02-03 11:45:25,967 - DEBUG - Starting new HTTPS connection (1): api.cloudflare.com:443
2025-02-03 11:45:26,489 - DEBUG - https://api.cloudflare.com:443 "PUT /client/v4/zones/None/dns_records/None HTTP/11" 404 None
2025-02-03 11:45:26,490 - INFO - {
    "result": null,
    "success": false,
    "errors": [
        {
            "code": 7003,
            "message": "Could not route to /client/v4/zones/None/dns_records/None, perhaps your object identifier is invalid?"
        }
    ],
    "messages": []
}
2025-02-03 11:45:26,490 - ERROR - Failed to update DNS record: {'result': None, 'success': False, 'errors': [{'code': 7003, 'message': 'Could not route to /client/v4/zones/None/dns_records/None, perhaps your object identifier is invalid?'}], 'messages': []}
2025-02-03 11:45:32,753 - DEBUG - Starting new HTTPS connection (1): ifconfig.me:443
2025-02-03 11:45:33,100 - DEBUG - https://ifconfig.me:443 "GET / HTTP/11" 200 14
2025-02-03 11:45:33,102 - DEBUG - Will try and update cloudflare with local route to net 197.83.246.130
2025-02-03 11:45:33,103 - INFO - Fetched public IP: 197.83.246.130
2025-02-03 11:45:33,107 - DEBUG - Starting new HTTPS connection (1): api.cloudflare.com:443
2025-02-03 11:45:33,626 - DEBUG - https://api.cloudflare.com:443 "PUT /client/v4/zones/None/dns_records/None HTTP/11" 404 None
2025-02-03 11:45:33,629 - INFO - {
    "result": null,
    "success": false,
    "errors": [
        {
            "code": 7003,
            "message": "Could not route to /client/v4/zones/None/dns_records/None, perhaps your object identifier is invalid?"
        }
    ],
    "messages": []
}
2025-02-03 11:45:33,630 - ERROR - Failed to update DNS record: {'result': None, 'success': False, 'errors': [{'code': 7003, 'message': 'Could not route to /client/v4/zones/None/dns_records/None, perhaps your object identifier is invalid?'}], 'messages': []}
2025-02-03 11:45:43,512 - INFO - Fetched public IP: 197.83.246.130
2025-02-03 11:45:44,049 - INFO - {
    "result": null,
    "success": false,
    "errors": [
        {
            "code": 7003,
            "message": "Could not route to /client/v4/zones/None/dns_records/None, perhaps your object identifier is invalid?"
        }
    ],
    "messages": []
}
2025-02-03 11:45:44,049 - ERROR - Failed to update DNS record: {'result': None, 'success': False, 'errors': [{'code': 7003, 'message': 'Could not route to /client/v4/zones/None/dns_records/None, perhaps your object identifier is invalid?'}], 'messages': []}
2025-02-03 11:45:52,453 - INFO - Fetched public IP: 197.83.246.130
2025-02-03 11:45:52,982 - INFO - {
    "result": null,
    "success": false,
    "errors": [
        {
            "code": 7003,
            "message": "Could not route to /client/v4/zones/None/dns_records/None, perhaps your object identifier is invalid?"
        }
    ],
    "messages": []
}
2025-02-03 11:45:52,982 - ERROR - Failed to update DNS record: {'result': None, 'success': False, 'errors': [{'code': 7003, 'message': 'Could not route to /client/v4/zones/None/dns_records/None, perhaps your object identifier is invalid?'}], 'messages': []}
2025-02-03 11:46:28,909 - INFO - Fetched public IP: 197.83.246.130
2025-02-03 11:46:29,012 - INFO - {
    "result": null,
    "success": false,
    "errors": [
        {
            "code": 7003,
            "message": "Could not route to /client/v4/zones/None/dns_records/None, perhaps your object identifier is invalid?"
        }
    ],
    "messages": []
}
2025-02-03 11:46:29,012 - ERROR - Failed to update DNS record: {'result': None, 'success': False, 'errors': [{'code': 7003, 'message': 'Could not route to /client/v4/zones/None/dns_records/None, perhaps your object identifier is invalid?'}], 'messages': []}
2025-02-03 11:46:29,012 - INFO - Script Exiting.
2025-02-03 11:46:53,979 - INFO - Fetched public IP: 197.83.246.130
2025-02-03 11:46:57,452 - INFO - Fetched public IP: 197.83.246.130
2025-02-03 11:46:58,050 - INFO - {
    "result": null,
    "success": false,
    "errors": [
        {
            "code": 7003,
            "message": "Could not route to /client/v4/zones/None/dns_records/None, perhaps your object identifier is invalid?"
        }
    ],
    "messages": []
}
2025-02-03 11:46:58,051 - ERROR - Failed to update DNS record: {'result': None, 'success': False, 'errors': [{'code': 7003, 'message': 'Could not route to /client/v4/zones/None/dns_records/None, perhaps your object identifier is invalid?'}], 'messages': []}
2025-02-03 11:46:58,051 - INFO - Script Exiting.
2025-02-03 11:48:01,913 - INFO - Fetched public IP: 197.83.246.130
2025-02-03 11:48:02,429 - INFO - {
    "result": null,
    "success": false,
    "errors": [
        {
            "code": 7003,
            "message": "Could not route to /client/v4/zones/None/dns_records/None, perhaps your object identifier is invalid?"
        }
    ],
    "messages": []
}
2025-02-03 11:48:02,430 - ERROR - Failed to update DNS record: {'result': None, 'success': False, 'errors': [{'code': 7003, 'message': 'Could not route to /client/v4/zones/None/dns_records/None, perhaps your object identifier is invalid?'}], 'messages': []}
2025-02-03 11:48:02,430 - INFO - Script Exiting.
2025-02-03 11:48:03,873 - INFO - Fetched public IP: 197.83.246.130
2025-02-03 11:48:04,399 - INFO - {
    "result": null,
    "success": false,
    "errors": [
        {
            "code": 7003,
            "message": "Could not route to /client/v4/zones/None/dns_records/None, perhaps your object identifier is invalid?"
        }
    ],
    "messages": []
}
2025-02-03 11:48:04,399 - ERROR - Failed to update DNS record: {'result': None, 'success': False, 'errors': [{'code': 7003, 'message': 'Could not route to /client/v4/zones/None/dns_records/None, perhaps your object identifier is invalid?'}], 'messages': []}
2025-02-03 11:48:04,400 - INFO - Script Exiting.
2025-02-03 11:48:13,155 - INFO - Fetched public IP: 197.83.246.130
2025-02-03 11:48:13,709 - INFO - {
    "result": null,
    "success": false,
    "errors": [
        {
            "code": 7003,
            "message": "Could not route to /client/v4/zones/None/dns_records/None, perhaps your object identifier is invalid?"
        }
    ],
    "messages": []
}
2025-02-03 11:48:13,709 - ERROR - Failed to update DNS record: {'result': None, 'success': False, 'errors': [{'code': 7003, 'message': 'Could not route to /client/v4/zones/None/dns_records/None, perhaps your object identifier is invalid?'}], 'messages': []}
2025-02-03 11:48:13,710 - INFO - Script Exiting.
2025-02-03 11:48:15,563 - INFO - Fetched public IP: 197.83.246.130
2025-02-03 11:48:16,074 - INFO - {
    "result": null,
    "success": false,
    "errors": [
        {
            "code": 7003,
            "message": "Could not route to /client/v4/zones/None/dns_records/None, perhaps your object identifier is invalid?"
        }
    ],
    "messages": []
}
2025-02-03 11:48:16,074 - ERROR - Failed to update DNS record: {'result': None, 'success': False, 'errors': [{'code': 7003, 'message': 'Could not route to /client/v4/zones/None/dns_records/None, perhaps your object identifier is invalid?'}], 'messages': []}
2025-02-03 11:48:16,075 - INFO - Script Exiting.
2025-02-03 11:48:36,418 - INFO - Fetched public IP: 197.83.246.130
2025-02-03 11:49:04,368 - INFO - Fetched public IP: 197.83.246.130
2025-02-03 11:49:14,717 - INFO - Fetched public IP: 197.83.246.130
2025-02-03 11:49:45,072 - INFO - Fetched public IP: 197.83.246.130
2025-02-03 11:49:50,929 - INFO - Fetched public IP: 197.83.246.130
2025-02-03 11:50:04,368 - INFO - Fetched public IP: 197.83.246.130
2025-02-03 11:50:32,158 - INFO - Fetched public IP: 197.83.246.130
2025-02-03 11:59:15,619 - DEBUG - Starting new HTTPS connection (1): ifconfig.me:443
2025-02-03 11:59:16,041 - DEBUG - https://ifconfig.me:443 "GET / HTTP/11" 200 14
2025-02-03 11:59:16,043 - DEBUG - Will try and update cloudflare with local route to net 197.83.246.130
2025-02-03 11:59:47,932 - DEBUG - Starting new HTTPS connection (1): ifconfig.me:443
2025-02-03 11:59:48,282 - DEBUG - https://ifconfig.me:443 "GET / HTTP/11" 200 14
2025-02-03 11:59:48,283 - DEBUG - Will try and update cloudflare with local route to net 197.83.246.130
2025-02-03 11:59:48,283 - ERROR - MISSING API KEY
2025-02-03 12:00:15,298 - INFO - Fetched public IP: 197.83.246.130
2025-02-03 12:00:40,798 - DEBUG - Starting new HTTPS connection (1): ifconfig.me:443
2025-02-03 12:00:41,149 - DEBUG - https://ifconfig.me:443 "GET / HTTP/11" 200 14
2025-02-03 12:00:41,151 - DEBUG - Will try and update cloudflare with local route to net 197.83.246.130
2025-02-03 12:00:41,152 - INFO - Fetched public IP: 197.83.246.130
2025-02-03 12:02:35,004 - ERROR - MISSING API KEY
